[2022-01-26 14:27:22,914: INFO: 02_even_odd_transfer_learning]: 
********************
[2022-01-26 14:27:22,914: INFO: 02_even_odd_transfer_learning]: >>>>> stage even odd transfer learning started <<<<<
[2022-01-26 14:27:22,915: INFO: common]: yaml file: configs/config.yaml loaded successfully
[2022-01-26 14:27:23,711: INFO: 02_even_odd_transfer_learning]: even odd transfer learning model summary: 
Model: "sequential"
_________________________________________________________________
 Layer (type)                Output Shape              Param #   
=================================================================
 flatten (Flatten)           (None, 784)               0         
                                                                 
 hidden_layer_1 (Dense)      (None, 300)               235500    
                                                                 
 leaky_re_lu (LeakyReLU)     (None, 300)               0         
                                                                 
 hidden_layer_2 (Dense)      (None, 100)               30100     
                                                                 
 leaky_re_lu_1 (LeakyReLU)   (None, 100)               0         
                                                                 
 output_layer (Dense)        (None, 10)                1010      
                                                                 
=================================================================
Total params: 266,610
Trainable params: 266,610
Non-trainable params: 0
_________________________________________________________________

[2022-01-26 14:27:23,734: INFO: 02_even_odd_transfer_learning]: even odd transfer learning model summary: 
Model: "sequential"
_________________________________________________________________
 Layer (type)                Output Shape              Param #   
=================================================================
 flatten (Flatten)           (None, 784)               0         
                                                                 
 hidden_layer_1 (Dense)      (None, 300)               235500    
                                                                 
 leaky_re_lu (LeakyReLU)     (None, 300)               0         
                                                                 
 hidden_layer_2 (Dense)      (None, 100)               30100     
                                                                 
 leaky_re_lu_1 (LeakyReLU)   (None, 100)               0         
                                                                 
 output_layer (Dense)        (None, 2)                 202       
                                                                 
=================================================================
Total params: 265,802
Trainable params: 202
Non-trainable params: 265,600
_________________________________________________________________

[2022-01-26 14:27:42,610: INFO: 02_even_odd_transfer_learning]: new model is saved at artifacts\models\even_odd_model.h5
[2022-01-26 14:27:43,066: INFO: 02_even_odd_transfer_learning]: evaluation metrics [0.29125913977622986, 0.8797000050544739]
[2022-01-26 14:27:43,099: INFO: 02_even_odd_transfer_learning]: >>>>> stage even odd transfer learning completed!<<<<<

